ERROR CHAPTERS LOG
Generated: 1/28/2026, 11:29:40 AM
Total Errors: 18
Total Chapters Processed: 438 // Based on your previous run

ERROR LIST:
Chapter 564: Scraping Error - Unknown error
Chapter 565: Scraping Error - Unknown error
Chapter 566: Scraping Error - Unknown error
Chapter 567: Scraping Error - Unknown error
Chapter 568: Scraping Error - Unknown error
Chapter 569: Scraping Error - Unknown error
Chapter 570: Scraping Error - Unknown error
Chapter 571: Scraping Error - Unknown error
Chapter 572: Scraping Error - Unknown error
Chapter 573: Scraping Error - Unknown error
Chapter 574: Scraping Error - Unknown error
Chapter 575: Scraping Error - Unknown error
Chapter 576: Scraping Error - Unknown error
Chapter 577: Scraping Error - Unknown error
Chapter 578: Scraping Error - Unknown error
Chapter 579: Scraping Error - Unknown error
Chapter 580: Scraping Error - Unknown error
Chapter 581: Scraping Error - Unknown error

CHAPTERS NEEDING RE-SCRAPING:
564, 565, 566, 567, 568, 569, 570, 571, 572, 573, 574, 575, 576, 577, 578, 579, 580, 581

ERROR STATISTICS:
Scraping Error: 18 chapters
